{"D:\\Projects\\ИТиВП\\Lab7\\tech-store-react\\src\\components\\features\\PriceFilter.jsx": {"path":"D:\\Projects\\ИТиВП\\Lab7\\tech-store-react\\src\\components\\features\\PriceFilter.jsx","statementMap":{"0":{"start":{"line":1,"column":20},"end":{"line":28,"column":1}},"1":{"start":{"line":2,"column":2},"end":{"line":27,"column":4}},"2":{"start":{"line":17,"column":25},"end":{"line":17,"column":62}},"3":{"start":{"line":24,"column":25},"end":{"line":24,"column":62}}},"fnMap":{"0":{"name":"(anonymous_0)","decl":{"start":{"line":1,"column":20},"end":{"line":1,"column":21}},"loc":{"start":{"line":1,"column":44},"end":{"line":28,"column":1}},"line":1},"1":{"name":"(anonymous_1)","decl":{"start":{"line":17,"column":18},"end":{"line":17,"column":19}},"loc":{"start":{"line":17,"column":25},"end":{"line":17,"column":62}},"line":17},"2":{"name":"(anonymous_2)","decl":{"start":{"line":24,"column":18},"end":{"line":24,"column":19}},"loc":{"start":{"line":24,"column":25},"end":{"line":24,"column":62}},"line":24}},"branchMap":{},"s":{"0":1,"1":1,"2":1,"3":1},"f":{"0":1,"1":1,"2":1},"b":{},"_coverageSchema":"1a1c01bbd47fc00a2c39e90264f33305004495a9","hash":"7ff973ec8708d4f7b393e8ae5cfd0103e726a4fa"}
,"D:\\Projects\\ИТиВП\\Lab7\\tech-store-react\\src\\components\\features\\ProductCard.jsx": {"path":"D:\\Projects\\ИТиВП\\Lab7\\tech-store-react\\src\\components\\features\\ProductCard.jsx","statementMap":{"0":{"start":{"line":2,"column":20},"end":{"line":20,"column":1}},"1":{"start":{"line":3,"column":2},"end":{"line":19,"column":4}},"2":{"start":{"line":15,"column":49},"end":{"line":15,"column":72}}},"fnMap":{"0":{"name":"(anonymous_0)","decl":{"start":{"line":2,"column":20},"end":{"line":2,"column":21}},"loc":{"start":{"line":2,"column":50},"end":{"line":20,"column":1}},"line":2},"1":{"name":"(anonymous_1)","decl":{"start":{"line":15,"column":43},"end":{"line":15,"column":44}},"loc":{"start":{"line":15,"column":49},"end":{"line":15,"column":72}},"line":15}},"branchMap":{},"s":{"0":1,"1":2,"2":1},"f":{"0":2,"1":1},"b":{},"_coverageSchema":"1a1c01bbd47fc00a2c39e90264f33305004495a9","hash":"d0ed71cfe45f6ab2e3c652d1218e460b62d7dd4f"}
,"D:\\Projects\\ИТиВП\\Lab7\\tech-store-react\\src\\components\\features\\ShoppingCart.jsx": {"path":"D:\\Projects\\ИТиВП\\Lab7\\tech-store-react\\src\\components\\features\\ShoppingCart.jsx","statementMap":{"0":{"start":{"line":3,"column":21},"end":{"line":31,"column":1}},"1":{"start":{"line":4,"column":16},"end":{"line":4,"column":64}},"2":{"start":{"line":4,"column":44},"end":{"line":4,"column":60}},"3":{"start":{"line":6,"column":2},"end":{"line":30,"column":4}},"4":{"start":{"line":11,"column":10},"end":{"line":20,"column":16}},"5":{"start":{"line":17,"column":58},"end":{"line":17,"column":73}}},"fnMap":{"0":{"name":"(anonymous_0)","decl":{"start":{"line":3,"column":21},"end":{"line":3,"column":22}},"loc":{"start":{"line":3,"column":58},"end":{"line":31,"column":1}},"line":3},"1":{"name":"(anonymous_1)","decl":{"start":{"line":4,"column":29},"end":{"line":4,"column":30}},"loc":{"start":{"line":4,"column":44},"end":{"line":4,"column":60}},"line":4},"2":{"name":"(anonymous_2)","decl":{"start":{"line":10,"column":19},"end":{"line":10,"column":20}},"loc":{"start":{"line":11,"column":10},"end":{"line":20,"column":16}},"line":11},"3":{"name":"(anonymous_3)","decl":{"start":{"line":17,"column":52},"end":{"line":17,"column":53}},"loc":{"start":{"line":17,"column":58},"end":{"line":17,"column":73}},"line":17}},"branchMap":{},"s":{"0":1,"1":2,"2":3,"3":2,"4":3,"5":1},"f":{"0":2,"1":3,"2":3,"3":1},"b":{},"_coverageSchema":"1a1c01bbd47fc00a2c39e90264f33305004495a9","hash":"a92f38e64cdc0db4596cb8d600512b58ac96669a"}
,"D:\\Projects\\ИТиВП\\Lab7\\tech-store-react\\src\\components\\ui\\Button.jsx": {"path":"D:\\Projects\\ИТиВП\\Lab7\\tech-store-react\\src\\components\\ui\\Button.jsx","statementMap":{"0":{"start":{"line":1,"column":15},"end":{"line":12,"column":1}},"1":{"start":{"line":7,"column":2},"end":{"line":11,"column":4}}},"fnMap":{"0":{"name":"(anonymous_0)","decl":{"start":{"line":1,"column":15},"end":{"line":1,"column":16}},"loc":{"start":{"line":6,"column":6},"end":{"line":12,"column":1}},"line":6}},"branchMap":{"0":{"loc":{"start":{"line":4,"column":2},"end":{"line":4,"column":21}},"type":"default-arg","locations":[{"start":{"line":4,"column":12},"end":{"line":4,"column":21}}],"line":4},"1":{"loc":{"start":{"line":5,"column":2},"end":{"line":5,"column":17}},"type":"default-arg","locations":[{"start":{"line":5,"column":9},"end":{"line":5,"column":17}}],"line":5}},"s":{"0":2,"1":3},"f":{"0":3},"b":{"0":[1],"1":[3]},"_coverageSchema":"1a1c01bbd47fc00a2c39e90264f33305004495a9","hash":"3060350ab9a3f95f1d57f88fa4041b241249d974"}
,"D:\\Projects\\ИТиВП\\Lab7\\tech-store-react\\src\\utils\\cartUtils.js": {"path":"D:\\Projects\\ИТиВП\\Lab7\\tech-store-react\\src\\utils\\cartUtils.js","statementMap":{"0":{"start":{"line":1,"column":30},"end":{"line":4,"column":1}},"1":{"start":{"line":2,"column":2},"end":{"line":2,"column":49}},"2":{"start":{"line":2,"column":34},"end":{"line":2,"column":49}},"3":{"start":{"line":3,"column":2},"end":{"line":3,"column":33}},"4":{"start":{"line":6,"column":30},"end":{"line":9,"column":1}},"5":{"start":{"line":7,"column":2},"end":{"line":7,"column":38}},"6":{"start":{"line":7,"column":29},"end":{"line":7,"column":38}},"7":{"start":{"line":8,"column":2},"end":{"line":8,"column":65}},"8":{"start":{"line":8,"column":37},"end":{"line":8,"column":60}}},"fnMap":{"0":{"name":"(anonymous_0)","decl":{"start":{"line":1,"column":30},"end":{"line":1,"column":31}},"loc":{"start":{"line":1,"column":42},"end":{"line":4,"column":1}},"line":1},"1":{"name":"(anonymous_1)","decl":{"start":{"line":6,"column":30},"end":{"line":6,"column":31}},"loc":{"start":{"line":6,"column":41},"end":{"line":9,"column":1}},"line":6},"2":{"name":"(anonymous_2)","decl":{"start":{"line":8,"column":22},"end":{"line":8,"column":23}},"loc":{"start":{"line":8,"column":37},"end":{"line":8,"column":60}},"line":8}},"branchMap":{"0":{"loc":{"start":{"line":2,"column":2},"end":{"line":2,"column":49}},"type":"if","locations":[{"start":{"line":2,"column":2},"end":{"line":2,"column":49}},{"start":{},"end":{}}],"line":2},"1":{"loc":{"start":{"line":7,"column":2},"end":{"line":7,"column":38}},"type":"if","locations":[{"start":{"line":7,"column":2},"end":{"line":7,"column":38}},{"start":{},"end":{}}],"line":7},"2":{"loc":{"start":{"line":8,"column":44},"end":{"line":8,"column":59}},"type":"binary-expr","locations":[{"start":{"line":8,"column":44},"end":{"line":8,"column":54}},{"start":{"line":8,"column":58},"end":{"line":8,"column":59}}],"line":8}},"s":{"0":1,"1":4,"2":2,"3":2,"4":1,"5":4,"6":1,"7":3,"8":5},"f":{"0":4,"1":4,"2":5},"b":{"0":[2,2],"1":[1,3],"2":[5,1]},"_coverageSchema":"1a1c01bbd47fc00a2c39e90264f33305004495a9","hash":"791c595e79b82ba7b467754363b7eb15fbdd24d4"}
}
