TN:
SF:src\components\features\PriceFilter.jsx
FN:1,(anonymous_0)
FN:17,(anonymous_1)
FN:24,(anonymous_2)
FNF:3
FNH:3
FNDA:1,(anonymous_0)
FNDA:1,(anonymous_1)
FNDA:1,(anonymous_2)
DA:1,1
DA:2,1
DA:17,1
DA:24,1
LF:4
LH:4
BRF:0
BRH:0
end_of_record
TN:
SF:src\components\features\ProductCard.jsx
FN:2,(anonymous_0)
FN:15,(anonymous_1)
FNF:2
FNH:2
FNDA:2,(anonymous_0)
FNDA:1,(anonymous_1)
DA:2,1
DA:3,2
DA:15,1
LF:3
LH:3
BRF:0
BRH:0
end_of_record
TN:
SF:src\components\features\ShoppingCart.jsx
FN:3,(anonymous_0)
FN:4,(anonymous_1)
FN:10,(anonymous_2)
FN:17,(anonymous_3)
FNF:4
FNH:4
FNDA:2,(anonymous_0)
FNDA:3,(anonymous_1)
FNDA:3,(anonymous_2)
FNDA:1,(anonymous_3)
DA:3,1
DA:4,3
DA:6,2
DA:11,3
DA:17,1
LF:5
LH:5
BRF:0
BRH:0
end_of_record
TN:
SF:src\components\ui\Button.jsx
FN:1,(anonymous_0)
FNF:1
FNH:1
FNDA:3,(anonymous_0)
DA:1,2
DA:7,3
LF:2
LH:2
BRDA:4,0,0,1
BRDA:5,1,0,3
BRF:2
BRH:2
end_of_record
TN:
SF:src\utils\cartUtils.js
FN:1,(anonymous_0)
FN:6,(anonymous_1)
FN:8,(anonymous_2)
FNF:3
FNH:3
FNDA:4,(anonymous_0)
FNDA:4,(anonymous_1)
FNDA:5,(anonymous_2)
DA:1,1
DA:2,4
DA:3,2
DA:6,1
DA:7,4
DA:8,5
LF:6
LH:6
BRDA:2,0,0,2
BRDA:2,0,1,2
BRDA:7,1,0,1
BRDA:7,1,1,3
BRDA:8,2,0,5
BRDA:8,2,1,1
BRF:6
BRH:6
end_of_record
